hrClient/build/outputs/logs/manifest-merger-release-report.txt
-- Merging decision tree log ---
manifest
ADDED from src\main\AndroidManifest.xml:2:1-394:12
INJECTED from src\main\AndroidManifest.xml:2:1-394:12
INJECTED from src\main\AndroidManifest.xml:2:1-394:12
INJECTED from src\main\AndroidManifest.xml:2:1-394:12
MERGED from [:library_zhy_CircleMenu] AndroidManifest.xml:2:1-20:12
MERGED from [:guiCtrl] AndroidManifest.xml:2:1-50:12
MERGED from [androidx.legacy:legacy-support-v4:1.0.0-rc01] AndroidManifest.xml:17:1-22:12
MERGED from [cn.bmob.android:bmob-push:1.0.3] AndroidManifest.xml:2:1-17:12
MERGED from [com.google.android.material:material:1.0.0-rc01] AndroidManifest.xml:17:1-24:12
MERGED from [androidx.appcompat:appcompat:1.0.0-rc01] AndroidManifest.xml:17:1-22:12
MERGED from [androidx.constraintlayout:constraintlayout:1.1.2] AndroidManifest.xml:2:1-11:12
MERGED from [com.wang.avi:library:2.1.3] AndroidManifest.xml:2:1-11:12
MERGED from [cn.bmob.android:bmob-sdk:3.6.9-rc2] AndroidManifest.xml:2:1-16:12
MERGED from [io.reactivex.rxjava2:rxandroid:2.1.0] AndroidManifest.xml:15:1-20:12
MERGED from [androidx.recyclerview:recyclerview:1.0.0-rc01] AndroidManifest.xml:17:1-22:12
MERGED from [androidx.fragment:fragment:1.0.0-rc01] AndroidManifest.xml:17:1-22:12
MERGED from [androidx.vectordrawable:vectordrawable-animated:1.0.0-rc01] AndroidManifest.xml:17:1-22:12
MERGED from [androidx.legacy:legacy-support-core-ui:1.0.0-rc01] AndroidManifest.xml:17:1-22:12
MERGED from [androidx.transition:transition:1.0.0-rc01] AndroidManifest.xml:17:1-22:12
MERGED from [androidx.viewpager:viewpager:1.0.0-rc01] AndroidManifest.xml:17:1-22:12
MERGED from [androidx.coordinatorlayout:coordinatorlayout:1.0.0-rc01] AndroidManifest.xml:17:1-22:12
MERGED from [androidx.drawerlayout:drawerlayout:1.0.0-rc01] AndroidManifest.xml:17:1-22:12
MERGED from [androidx.slidingpanelayout:slidingpanelayout:1.0.0-rc01] AndroidManifest.xml:17:1-22:12
MERGED from [androidx.customview:customview:1.0.0-rc01] AndroidManifest.xml:17:1-22:12
MERGED from [androidx.swiperefreshlayout:swiperefreshlayout:1.0.0-rc01] AndroidManifest.xml:17:1-22:12
MERGED from [androidx.asynclayoutinflater:asynclayoutinflater:1.0.0-rc01] AndroidManifest.xml:17:1-22:12
MERGED from [androidx.media:media:1.0.0-rc01] AndroidManifest.xml:17:1-22:12
MERGED from [androidx.legacy:legacy-support-core-utils:1.0.0-rc01] AndroidManifest.xml:17:1-22:12
MERGED from [androidx.loader:loader:1.0.0-rc01] AndroidManifest.xml:17:1-22:12
MERGED from [androidx.vectordrawable:vectordrawable:1.0.0-rc01] AndroidManifest.xml:17:1-22:12
MERGED from [androidx.core:core:1.0.0] AndroidManifest.xml:17:1-24:12
MERGED from [com.contrarywind:Android-PickerView:4.1.8] AndroidManifest.xml:2:1-11:12
MERGED from [com.contrarywind:wheelview:4.0.9] AndroidManifest.xml:2:1-11:12
MERGED from [androidx.cardview:cardview:1.0.0-rc01] AndroidManifest.xml:17:1-22:12
MERGED from [androidx.interpolator:interpolator:1.0.0-rc01] AndroidManifest.xml:17:1-22:12
MERGED from [androidx.lifecycle:lifecycle-runtime:2.0.0] AndroidManifest.xml:17:1-22:12
MERGED from [androidx.documentfile:documentfile:1.0.0-rc01] AndroidManifest.xml:17:1-22:12
MERGED from [androidx.localbroadcastmanager:localbroadcastmanager:1.0.0-rc01] AndroidManifest.xml:17:1-22:12
MERGED from [androidx.print:print:1.0.0-rc01] AndroidManifest.xml:17:1-22:12
MERGED from [androidx.cursoradapter:cursoradapter:1.0.0-rc01] AndroidManifest.xml:17:1-22:12
MERGED from [androidx.versionedparcelable:versionedparcelable:1.0.0] AndroidManifest.xml:17:1-25:12
MERGED from [androidx.lifecycle:lifecycle-livedata-core:2.0.0-rc01] AndroidManifest.xml:17:1-22:12
MERGED from [androidx.arch.core:core-runtime:2.0.0-rc01] AndroidManifest.xml:17:1-22:12
MERGED from [androidx.lifecycle:lifecycle-viewmodel:2.0.0-rc01] AndroidManifest.xml:17:1-22:12
INJECTED from src\main\AndroidManifest.xml:2:1-394:12
INJECTED from src\main\AndroidManifest.xml:2:1-394:12
INJECTED from src\main\AndroidManifest.xml:2:1-394:12
	package
		ADDED from src\main\AndroidManifest.xml:4:5-31
		INJECTED from src\main\AndroidManifest.xml
		INJECTED from src\main\AndroidManifest.xml
	android:versionName
		ADDED from src\main\AndroidManifest.xml:6:5-30
		INJECTED from src\main\AndroidManifest.xml
		INJECTED from src\main\AndroidManifest.xml
	xmlns:tools
		ADDED from src\main\AndroidManifest.xml:3:5-51
	xmlns:android
		ADDED from src\main\AndroidManifest.xml:2:11-69
	android:versionCode
		ADDED from src\main\AndroidManifest.xml:5:5-28
		INJECTED from src\main\AndroidManifest.xml
		INJECTED from src\main\AndroidManifest.xml
uses-permission#android.permission.CHANGE_NETWORK_STATE
ADDED from src\main\AndroidManifest.xml:10:5-79
	android:name
		ADDED from src\main\AndroidManifest.xml:10:22-76
uses-permission#android.permission.WRITE_SETTINGS
ADDED from src\main\AndroidManifest.xml:11:5-13:47
	tools:ignore
		ADDED from src\main\AndroidManifest.xml:13:9-44
	android:name
		ADDED from src\main\AndroidManifest.xml:12:9-57
uses-permission#android.permission.INTERNET
ADDED from src\main\AndroidManifest.xml:14:5-67
MERGED from [:guiCtrl] AndroidManifest.xml:14:5-67
MERGED from [:guiCtrl] AndroidManifest.xml:14:5-67
	android:name
		ADDED from src\main\AndroidManifest.xml:14:22-64
uses-permission#android.permission.RESTART_PACKAGES
ADDED from src\main\AndroidManifest.xml:15:5-75
	android:name
		ADDED from src\main\AndroidManifest.xml:15:22-72
uses-permission#android.permission.WAKE_LOCK
ADDED from src\main\AndroidManifest.xml:16:5-68
	android:name
		ADDED from src\main\AndroidManifest.xml:16:22-65
uses-permission#android.permission.RECORD_AUDIO
ADDED from src\main\AndroidManifest.xml:19:5-71
	android:name
		ADDED from src\main\AndroidManifest.xml:19:22-68
uses-permission#android.permission.SYSTEM_ALERT_WINDOW
ADDED from src\main\AndroidManifest.xml:20:5-78
	android:name
		ADDED from src\main\AndroidManifest.xml:20:22-75
supports-screens
ADDED from src\main\AndroidManifest.xml:22:5-27:39
	android:largeScreens
		ADDED from src\main\AndroidManifest.xml:24:9-36
	android:smallScreens
		ADDED from src\main\AndroidManifest.xml:27:9-36
	android:normalScreens
		ADDED from src\main\AndroidManifest.xml:25:9-37
	android:resizeable
		ADDED from src\main\AndroidManifest.xml:26:9-34
	android:anyDensity
		ADDED from src\main\AndroidManifest.xml:23:9-34
uses-permission#android.permission.ACCESS_NETWORK_STATE
ADDED from src\main\AndroidManifest.xml:29:5-79
	android:name
		ADDED from src\main\AndroidManifest.xml:29:22-76
uses-permission#android.permission.ACCESS_WIFI_STATE
ADDED from src\main\AndroidManifest.xml:31:5-76
	android:name
		ADDED from src\main\AndroidManifest.xml:31:22-73
uses-permission#android.permission.CHANGE_WIFI_STATE
ADDED from src\main\AndroidManifest.xml:32:5-76
	android:name
		ADDED from src\main\AndroidManifest.xml:32:22-73
uses-permission#android.permission.WRITE_EXTERNAL_STORAGE
ADDED from src\main\AndroidManifest.xml:34:5-36:32
	tools:node
		ADDED from src\main\AndroidManifest.xml:36:9-29
	android:name
		ADDED from src\main\AndroidManifest.xml:35:9-65
uses-permission#android.permission.READ_PHONE_STATE
ADDED from src\main\AndroidManifest.xml:40:5-75
	android:name
		ADDED from src\main\AndroidManifest.xml:40:22-72
uses-permission#android.permission.CALL_PHONE
ADDED from src\main\AndroidManifest.xml:41:5-69
	android:name
		ADDED from src\main\AndroidManifest.xml:41:22-66
uses-permission#android.permission.ACCESS_FINE_LOCATION
ADDED from src\main\AndroidManifest.xml:43:5-79
	android:name
		ADDED from src\main\AndroidManifest.xml:43:22-76
permission#android.permission.BAIDU_LOCATION_SERVICE
ADDED from src\main\AndroidManifest.xml:45:5-76
	android:name
		ADDED from src\main\AndroidManifest.xml:45:17-73
uses-permission#android.permission.BAIDU_LOCATION_SERVICE
ADDED from src\main\AndroidManifest.xml:47:5-81
	android:name
		ADDED from src\main\AndroidManifest.xml:47:22-78
uses-permission#android.permission.ACCESS_COARSE_LOCATION
ADDED from src\main\AndroidManifest.xml:48:5-81
	android:name
		ADDED from src\main\AndroidManifest.xml:48:22-78
uses-permission#android.permission.ACCESS_GPS
ADDED from src\main\AndroidManifest.xml:51:5-69
	android:name
		ADDED from src\main\AndroidManifest.xml:51:22-66
uses-permission#android.permission.PROCESS_OUTGOING_CALLS
ADDED from src\main\AndroidManifest.xml:52:5-81
	android:name
		ADDED from src\main\AndroidManifest.xml:52:22-78
uses-permission#android.permission.MODIFY_AUDIO_SETTINGS
ADDED from src\main\AndroidManifest.xml:54:5-80
	android:name
		ADDED from src\main\AndroidManifest.xml:54:22-77
uses-permission#android.permission.RECEIVE_USER_PRESENT
ADDED from src\main\AndroidManifest.xml:55:5-79
	android:name
		ADDED from src\main\AndroidManifest.xml:55:22-76
uses-permission#android.permission.RECEIVE_BOOT_COMPLETED
ADDED from src\main\AndroidManifest.xml:56:5-81
	android:name
		ADDED from src\main\AndroidManifest.xml:56:22-78
uses-permission#android.permission.FOREGROUND_SERVICE
ADDED from src\main\AndroidManifest.xml:57:5-77
	android:name
		ADDED from src\main\AndroidManifest.xml:57:22-74
application
ADDED from src\main\AndroidManifest.xml:59:5-392:19
MERGED from [:library_zhy_CircleMenu] AndroidManifest.xml:13:5-18:19
MERGED from [:library_zhy_CircleMenu] AndroidManifest.xml:13:5-18:19
MERGED from [:guiCtrl] AndroidManifest.xml:16:5-48:19
MERGED from [:guiCtrl] AndroidManifest.xml:16:5-48:19
MERGED from [cn.bmob.android:bmob-push:1.0.3] AndroidManifest.xml:11:5-15:19
MERGED from [cn.bmob.android:bmob-push:1.0.3] AndroidManifest.xml:11:5-15:19
MERGED from [com.google.android.material:material:1.0.0-rc01] AndroidManifest.xml:22:5-20
MERGED from [com.google.android.material:material:1.0.0-rc01] AndroidManifest.xml:22:5-20
MERGED from [androidx.constraintlayout:constraintlayout:1.1.2] AndroidManifest.xml:9:5-20
MERGED from [androidx.constraintlayout:constraintlayout:1.1.2] AndroidManifest.xml:9:5-20
MERGED from [cn.bmob.android:bmob-sdk:3.6.9-rc2] AndroidManifest.xml:11:5-14:19
MERGED from [cn.bmob.android:bmob-sdk:3.6.9-rc2] AndroidManifest.xml:11:5-14:19
MERGED from [androidx.core:core:1.0.0] AndroidManifest.xml:22:5-89
MERGED from [androidx.core:core:1.0.0] AndroidManifest.xml:22:5-89
MERGED from [androidx.versionedparcelable:versionedparcelable:1.0.0] AndroidManifest.xml:22:5-23:19
MERGED from [androidx.versionedparcelable:versionedparcelable:1.0.0] AndroidManifest.xml:22:5-23:19
	android:appComponentFactory
		ADDED from [androidx.core:core:1.0.0] AndroidManifest.xml:22:18-86
	android:supportsRtl
		ADDED from [cn.bmob.android:bmob-push:1.0.3] AndroidManifest.xml:14:9-35
	android:label
		ADDED from src\main\AndroidManifest.xml:63:9-41
	tools:ignore
		ADDED from src\main\AndroidManifest.xml:67:9-48
	android:largeHeap
		ADDED from src\main\AndroidManifest.xml:64:9-33
	android:icon
		ADDED from src\main\AndroidManifest.xml:62:9-40
		REJECTED from [:library_zhy_CircleMenu] AndroidManifest.xml:15:9-45
	android:allowBackup
		ADDED from src\main\AndroidManifest.xml:61:9-35
	android:theme
		ADDED from src\main\AndroidManifest.xml:66:9-40
	android:networkSecurityConfig
		ADDED from src\main\AndroidManifest.xml:65:9-69
	tools:replace
		ADDED from src\main\AndroidManifest.xml:68:9-37
	android:name
		ADDED from src\main\AndroidManifest.xml:60:9-54
meta-data#com.baidu.lbsapi.API_KEY
ADDED from src\main\AndroidManifest.xml:69:9-71:64
	android:value
		ADDED from src\main\AndroidManifest.xml:71:13-61
	android:name
		ADDED from src\main\AndroidManifest.xml:70:13-52
service#com.baidu.location.f
ADDED from src\main\AndroidManifest.xml:73:9-76:41
	android:process
		ADDED from src\main\AndroidManifest.xml:76:13-38
	android:enabled
		ADDED from src\main\AndroidManifest.xml:75:13-35
	android:name
		ADDED from src\main\AndroidManifest.xml:74:13-48
service#com.huari.service.MainService
ADDED from src\main\AndroidManifest.xml:77:9-81:19
	android:name
		ADDED from src\main\AndroidManifest.xml:77:18-62
intent-filter#action:name:com.huari.service.mainservice
ADDED from src\main\AndroidManifest.xml:78:13-80:29
action#com.huari.service.mainservice
ADDED from src\main\AndroidManifest.xml:79:17-72
	android:name
		ADDED from src\main\AndroidManifest.xml:79:25-69
service#com.huari.service.TaskService
ADDED from src\main\AndroidManifest.xml:82:9-86:19
	android:name
		ADDED from src\main\AndroidManifest.xml:82:18-62
intent-filter#action:name:com.huari.service.taskservice
ADDED from src\main\AndroidManifest.xml:83:13-85:29
action#com.huari.service.taskservice
ADDED from src\main\AndroidManifest.xml:84:17-72
	android:name
		ADDED from src\main\AndroidManifest.xml:84:25-69
service#com.huari.NetMonitor.WindowService
ADDED from src\main\AndroidManifest.xml:87:9-90:40
	android:enabled
		ADDED from src\main\AndroidManifest.xml:89:13-35
	android:exported
		ADDED from src\main\AndroidManifest.xml:90:13-37
	android:name
		ADDED from src\main\AndroidManifest.xml:88:13-62
activity#com.huari.client.WelcomeActivity
ADDED from src\main\AndroidManifest.xml:92:9-101:20
	android:label
		ADDED from src\main\AndroidManifest.xml:94:13-59
	android:theme
		ADDED from src\main\AndroidManifest.xml:95:13-71
	android:name
		ADDED from src\main\AndroidManifest.xml:93:13-44
intent-filter#action:name:android.intent.action.MAIN+category:name:android.intent.category.LAUNCHER
ADDED from src\main\AndroidManifest.xml:96:13-100:29
action#android.intent.action.MAIN
ADDED from src\main\AndroidManifest.xml:97:17-69
	android:name
		ADDED from src\main\AndroidManifest.xml:97:25-66
category#android.intent.category.LAUNCHER
ADDED from src\main\AndroidManifest.xml:99:17-77
	android:name
		ADDED from src\main\AndroidManifest.xml:99:27-74
activity#com.huari.client.MainActivity
ADDED from src\main\AndroidManifest.xml:102:9-106:54
	android:label
		ADDED from src\main\AndroidManifest.xml:105:13-56
	android:icon
		ADDED from src\main\AndroidManifest.xml:104:13-44
	android:theme
		ADDED from src\main\AndroidManifest.xml:106:13-51
	android:name
		ADDED from src\main\AndroidManifest.xml:103:13-41
activity#com.huari.client.GuideActivity
ADDED from src\main\AndroidManifest.xml:107:9-110:74
	android:label
		ADDED from src\main\AndroidManifest.xml:109:13-57
	android:theme
		ADDED from src\main\AndroidManifest.xml:110:13-71
	android:name
		ADDED from src\main\AndroidManifest.xml:108:13-42
activity#com.huari.client.SpectrumsAnalysisActivity
ADDED from src\main\AndroidManifest.xml:111:9-120:20
	android:label
		ADDED from src\main\AndroidManifest.xml:113:13-70
	android:theme
		ADDED from src\main\AndroidManifest.xml:114:13-51
	android:name
		ADDED from src\main\AndroidManifest.xml:112:13-54
intent-filter#action:name:function0+category:name:android.intent.category.DEFAULT
ADDED from src\main\AndroidManifest.xml:115:13-119:29
action#function0
ADDED from src\main\AndroidManifest.xml:116:17-52
	android:name
		ADDED from src\main\AndroidManifest.xml:116:25-49
category#android.intent.category.DEFAULT
ADDED from src\main\AndroidManifest.xml:118:17-76
	android:name
		ADDED from src\main\AndroidManifest.xml:118:27-73
activity#com.huari.client.SinglefrequencyDFActivity
ADDED from src\main\AndroidManifest.xml:121:9-130:20
	android:label
		ADDED from src\main\AndroidManifest.xml:123:13-70
	android:theme
		ADDED from src\main\AndroidManifest.xml:124:13-51
	android:name
		ADDED from src\main\AndroidManifest.xml:122:13-54
intent-filter#action:name:function12+category:name:android.intent.category.DEFAULT
ADDED from src\main\AndroidManifest.xml:125:13-129:29
action#function12
ADDED from src\main\AndroidManifest.xml:126:17-53
	android:name
		ADDED from src\main\AndroidManifest.xml:126:25-50
activity#com.huari.client.SearchinterferenceActivity
ADDED from src\main\AndroidManifest.xml:131:9-139:20
	android:label
		ADDED from src\main\AndroidManifest.xml:133:13-51
	android:name
		ADDED from src\main\AndroidManifest.xml:132:13-55
intent-filter#action:name:function8+category:name:android.intent.category.DEFAULT
ADDED from src\main\AndroidManifest.xml:134:13-138:29
action#function8
ADDED from src\main\AndroidManifest.xml:135:17-52
	android:name
		ADDED from src\main\AndroidManifest.xml:135:25-49
activity#com.huari.client.MapShowingActivity
ADDED from src\main\AndroidManifest.xml:140:9-151:20
	android:label
		ADDED from src\main\AndroidManifest.xml:143:13-63
	android:icon
		ADDED from src\main\AndroidManifest.xml:142:13-42
	android:theme
		ADDED from src\main\AndroidManifest.xml:145:13-51
	android:logo
		ADDED from src\main\AndroidManifest.xml:144:13-42
	android:name
		ADDED from src\main\AndroidManifest.xml:141:13-47
intent-filter#action:name:function44+category:name:android.intent.category.DEFAULT
ADDED from src\main\AndroidManifest.xml:146:13-150:29
action#function44
ADDED from src\main\AndroidManifest.xml:147:17-53
	android:name
		ADDED from src\main\AndroidManifest.xml:147:25-50
activity#com.huari.client.UnmanedStationsActivity
ADDED from src\main\AndroidManifest.xml:152:9-162:20
	android:label
		ADDED from src\main\AndroidManifest.xml:155:13-68
	android:icon
		ADDED from src\main\AndroidManifest.xml:154:13-42
	android:theme
		ADDED from src\main\AndroidManifest.xml:156:13-51
	android:name
		ADDED from src\main\AndroidManifest.xml:153:13-52
intent-filter#action:name:function5+category:name:android.intent.category.DEFAULT
ADDED from src\main\AndroidManifest.xml:157:13-161:29
action#function5
ADDED from src\main\AndroidManifest.xml:158:17-52
	android:name
		ADDED from src\main\AndroidManifest.xml:158:25-49
activity#com.huari.client.ScheduledTaskActivity
ADDED from src\main\AndroidManifest.xml:163:9-171:20
	android:label
		ADDED from src\main\AndroidManifest.xml:165:13-66
	android:name
		ADDED from src\main\AndroidManifest.xml:164:13-50
intent-filter#action:name:function16+category:name:android.intent.category.DEFAULT
ADDED from src\main\AndroidManifest.xml:166:13-170:29
action#function16
ADDED from src\main\AndroidManifest.xml:167:17-53
	android:name
		ADDED from src\main\AndroidManifest.xml:167:25-50
activity#com.huari.client.StationListActivity
ADDED from src\main\AndroidManifest.xml:172:9-185:20
	android:label
		ADDED from src\main\AndroidManifest.xml:175:13-64
	android:icon
		ADDED from src\main\AndroidManifest.xml:174:13-42
	android:theme
		ADDED from src\main\AndroidManifest.xml:176:13-51
	android:name
		ADDED from src\main\AndroidManifest.xml:173:13-48
intent-filter#action:name:function1+action:name:function2+action:name:function3+action:name:function6+category:name:android.intent.category.DEFAULT
ADDED from src\main\AndroidManifest.xml:177:13-184:29
action#function1
ADDED from src\main\AndroidManifest.xml:178:17-52
	android:name
		ADDED from src\main\AndroidManifest.xml:178:25-49
action#function6
ADDED from src\main\AndroidManifest.xml:179:17-52
	android:name
		ADDED from src\main\AndroidManifest.xml:179:25-49
action#function2
ADDED from src\main\AndroidManifest.xml:180:17-52
	android:name
		ADDED from src\main\AndroidManifest.xml:180:25-49
action#function3
ADDED from src\main\AndroidManifest.xml:181:17-52
	android:name
		ADDED from src\main\AndroidManifest.xml:181:25-49
activity#com.huari.client.PPFXsetActivity
ADDED from src\main\AndroidManifest.xml:186:9-191:55
	android:label
		ADDED from src\main\AndroidManifest.xml:188:13-59
	android:windowSoftInputMode
		ADDED from src\main\AndroidManifest.xml:191:13-52
	android:theme
		ADDED from src\main\AndroidManifest.xml:190:13-51
	android:logo
		ADDED from src\main\AndroidManifest.xml:189:13-45
	android:name
		ADDED from src\main\AndroidManifest.xml:187:13-44
activity#com.huari.client.PinDuanScanningActivity
ADDED from src\main\AndroidManifest.xml:192:9-201:20
	android:label
		ADDED from src\main\AndroidManifest.xml:194:13-69
	android:theme
		ADDED from src\main\AndroidManifest.xml:195:13-51
	android:name
		ADDED from src\main\AndroidManifest.xml:193:13-52
intent-filter#action:name:function18+category:name:android.intent.category.DEFAULT
ADDED from src\main\AndroidManifest.xml:196:13-200:29
action#function18
ADDED from src\main\AndroidManifest.xml:197:17-53
	android:name
		ADDED from src\main\AndroidManifest.xml:197:25-50
activity#com.huari.client.PinDuanSetActivity
ADDED from src\main\AndroidManifest.xml:202:9-206:54
	android:label
		ADDED from src\main\AndroidManifest.xml:204:13-64
	android:theme
		ADDED from src\main\AndroidManifest.xml:206:13-51
	android:logo
		ADDED from src\main\AndroidManifest.xml:205:13-45
	android:name
		ADDED from src\main\AndroidManifest.xml:203:13-47
activity#com.huari.client.MapActivity
ADDED from src\main\AndroidManifest.xml:207:9-216:20
	android:label
		ADDED from src\main\AndroidManifest.xml:209:13-55
	android:theme
		ADDED from src\main\AndroidManifest.xml:210:13-51
	android:name
		ADDED from src\main\AndroidManifest.xml:208:13-40
intent-filter#action:name:function4+category:name:android.intent.category.DEFAULT
ADDED from src\main\AndroidManifest.xml:211:13-215:29
action#function4
ADDED from src\main\AndroidManifest.xml:212:17-52
	android:name
		ADDED from src\main\AndroidManifest.xml:212:25-49
service#cn.bmob.push.lib.service.PushService
ADDED from src\main\AndroidManifest.xml:219:9-227:19
	android:process
		ADDED from src\main\AndroidManifest.xml:223:13-40
	android:label
		ADDED from src\main\AndroidManifest.xml:222:13-40
	android:exported
		ADDED from src\main\AndroidManifest.xml:221:13-36
	android:name
		ADDED from src\main\AndroidManifest.xml:220:13-64
intent-filter#action:name:cn.bmob.push.lib.service.PushService
ADDED from src\main\AndroidManifest.xml:224:13-226:29
action#cn.bmob.push.lib.service.PushService
ADDED from src\main\AndroidManifest.xml:225:17-79
	android:name
		ADDED from src\main\AndroidManifest.xml:225:25-76
service#cn.bmob.push.lib.service.PushNotifyService
ADDED from src\main\AndroidManifest.xml:230:9-232:43
	android:process
		ADDED from src\main\AndroidManifest.xml:232:13-40
	android:name
		ADDED from src\main\AndroidManifest.xml:231:13-70
receiver#cn.bmob.push.PushReceiver
ADDED from src\main\AndroidManifest.xml:234:9-244:20
	android:name
		ADDED from src\main\AndroidManifest.xml:234:19-59
intent-filter#action:name:android.intent.action.BOOT_COMPLETED+action:name:android.intent.action.USER_PRESENT+action:name:android.net.conn.CONNECTIVITY_CHANGE
ADDED from src\main\AndroidManifest.xml:235:13-243:29
action#android.intent.action.BOOT_COMPLETED
ADDED from src\main\AndroidManifest.xml:238:17-79
	android:name
		ADDED from src\main\AndroidManifest.xml:238:25-76
action#android.intent.action.USER_PRESENT
ADDED from src\main\AndroidManifest.xml:240:17-77
	android:name
		ADDED from src\main\AndroidManifest.xml:240:25-74
action#android.net.conn.CONNECTIVITY_CHANGE
ADDED from src\main\AndroidManifest.xml:242:17-79
	android:name
		ADDED from src\main\AndroidManifest.xml:242:25-76
receiver#com.huari.reciever.MyPushMessageReceiver
ADDED from src\main\AndroidManifest.xml:247:9-251:20
	android:name
		ADDED from src\main\AndroidManifest.xml:247:19-74
intent-filter#action:name:cn.bmob.push.action.MESSAGE
ADDED from src\main\AndroidManifest.xml:248:13-250:29
action#cn.bmob.push.action.MESSAGE
ADDED from src\main\AndroidManifest.xml:249:17-70
	android:name
		ADDED from src\main\AndroidManifest.xml:249:25-67
provider#cn.bmob.v3.util.BmobContentProvider
ADDED from src\main\AndroidManifest.xml:253:9-255:74
	android:authorities
		ADDED from src\main\AndroidManifest.xml:255:13-71
	android:name
		ADDED from src\main\AndroidManifest.xml:254:13-63
receiver#cn.bmob.push.PushNotifyReceiver
ADDED from src\main\AndroidManifest.xml:258:9-268:20
	android:process
		ADDED from src\main\AndroidManifest.xml:260:13-40
	android:name
		ADDED from src\main\AndroidManifest.xml:259:13-59
intent-filter#action:name:cn.bmob.push.action.HEARTBEAT+action:name:cn.bmob.push.action.NOTIFY
ADDED from src\main\AndroidManifest.xml:261:13-267:29
action#cn.bmob.push.action.HEARTBEAT
ADDED from src\main\AndroidManifest.xml:264:17-72
	android:name
		ADDED from src\main\AndroidManifest.xml:264:25-69
action#cn.bmob.push.action.NOTIFY
ADDED from src\main\AndroidManifest.xml:266:17-69
	android:name
		ADDED from src\main\AndroidManifest.xml:266:25-66
activity#com.huari.client.SingleSetActivity
ADDED from src\main\AndroidManifest.xml:270:9-274:54
	android:label
		ADDED from src\main\AndroidManifest.xml:272:13-62
	android:theme
		ADDED from src\main\AndroidManifest.xml:274:13-51
	android:logo
		ADDED from src\main\AndroidManifest.xml:273:13-45
	android:name
		ADDED from src\main\AndroidManifest.xml:271:13-46
activity#com.huari.client.FromMapActivity
ADDED from src\main\AndroidManifest.xml:275:9-279:54
	android:label
		ADDED from src\main\AndroidManifest.xml:277:13-60
	android:theme
		ADDED from src\main\AndroidManifest.xml:279:13-51
	android:logo
		ADDED from src\main\AndroidManifest.xml:278:13-45
	android:name
		ADDED from src\main\AndroidManifest.xml:276:13-44
activity#com.huari.client.LoginActivity
ADDED from src\main\AndroidManifest.xml:280:9-282:72
	android:theme
		ADDED from src\main\AndroidManifest.xml:282:13-69
	android:name
		ADDED from src\main\AndroidManifest.xml:281:13-42
activity#com.huari.client.Main2Activity
ADDED from src\main\AndroidManifest.xml:283:9-291:20
	android:theme
		ADDED from src\main\AndroidManifest.xml:285:13-69
	android:name
		ADDED from src\main\AndroidManifest.xml:284:13-42
activity#com.huari.client.Login2Activity
ADDED from src\main\AndroidManifest.xml:292:9-302:20
	android:theme
		ADDED from src\main\AndroidManifest.xml:294:13-69
	android:name
		ADDED from src\main\AndroidManifest.xml:293:13-43
activity#com.huari.client.RecordListActivity
ADDED from src\main\AndroidManifest.xml:303:9-305:72
	android:theme
		ADDED from src\main\AndroidManifest.xml:305:13-69
	android:name
		ADDED from src\main\AndroidManifest.xml:304:13-47
activity#com.huari.client.RecordShowOnewActivity
ADDED from src\main\AndroidManifest.xml:306:9-308:72
	android:theme
		ADDED from src\main\AndroidManifest.xml:308:13-69
	android:name
		ADDED from src\main\AndroidManifest.xml:307:13-51
activity#com.huari.client.AllRecordQueryActivity
ADDED from src\main\AndroidManifest.xml:309:9-311:72
	android:theme
		ADDED from src\main\AndroidManifest.xml:311:13-69
	android:name
		ADDED from src\main\AndroidManifest.xml:310:13-51
activity#com.huari.client.FileDisplayActivity
ADDED from src\main\AndroidManifest.xml:312:9-314:72
	android:theme
		ADDED from src\main\AndroidManifest.xml:314:13-69
	android:name
		ADDED from src\main\AndroidManifest.xml:313:13-48
activity#com.huari.client.FileAbout
ADDED from src\main\AndroidManifest.xml:315:9-317:72
	android:theme
		ADDED from src\main\AndroidManifest.xml:317:13-69
	android:name
		ADDED from src\main\AndroidManifest.xml:316:13-38
activity#com.huari.client.FileListActivity
ADDED from src\main\AndroidManifest.xml:318:9-320:72
	android:theme
		ADDED from src\main\AndroidManifest.xml:320:13-69
	android:name
		ADDED from src\main\AndroidManifest.xml:319:13-45
activity#com.huari.client.SearhFileActivity
ADDED from src\main\AndroidManifest.xml:321:9-323:72
	android:theme
		ADDED from src\main\AndroidManifest.xml:323:13-69
	android:name
		ADDED from src\main\AndroidManifest.xml:322:13-46
activity#com.huari.client.SettingActivity
ADDED from src\main\AndroidManifest.xml:324:9-326:72
	android:theme
		ADDED from src\main\AndroidManifest.xml:326:13-69
	android:name
		ADDED from src\main\AndroidManifest.xml:325:13-44
activity#com.huari.client.PlayerActivity
ADDED from src\main\AndroidManifest.xml:327:9-329:72
	android:theme
		ADDED from src\main\AndroidManifest.xml:329:13-69
	android:name
		ADDED from src\main\AndroidManifest.xml:328:13-43
activity#com.huari.client.IquareActivity
ADDED from src\main\AndroidManifest.xml:330:9-332:72
	android:theme
		ADDED from src\main\AndroidManifest.xml:332:13-69
	android:name
		ADDED from src\main\AndroidManifest.xml:331:13-43
activity#com.huari.client.GraphActivity
ADDED from src\main\AndroidManifest.xml:333:9-335:72
	android:theme
		ADDED from src\main\AndroidManifest.xml:335:13-69
	android:name
		ADDED from src\main\AndroidManifest.xml:334:13-42
activity#com.huari.client.ServerManagerActivity
ADDED from src\main\AndroidManifest.xml:336:9-338:72
	android:theme
		ADDED from src\main\AndroidManifest.xml:338:13-69
	android:name
		ADDED from src\main\AndroidManifest.xml:337:13-50
service#com.huari.service.ForHideServiceIcon
ADDED from src\main\AndroidManifest.xml:340:9-343:39
	android:enabled
		ADDED from src\main\AndroidManifest.xml:342:13-35
	android:exported
		ADDED from src\main\AndroidManifest.xml:343:13-36
	android:name
		ADDED from src\main\AndroidManifest.xml:341:13-64
activity#com.huari.client.DzActivity
ADDED from src\main\AndroidManifest.xml:345:9-347:72
	android:theme
		ADDED from src\main\AndroidManifest.xml:347:13-69
	android:name
		ADDED from src\main\AndroidManifest.xml:346:13-39
activity#com.huari.client.PrepareActivity
ADDED from src\main\AndroidManifest.xml:348:9-53
	android:name
		ADDED from src\main\AndroidManifest.xml:348:19-50
activity#com.huari.client.OfflineDownloadActivity
ADDED from src\main\AndroidManifest.xml:349:9-351:72
	android:theme
		ADDED from src\main\AndroidManifest.xml:351:13-69
	android:name
		ADDED from src\main\AndroidManifest.xml:350:13-52
activity#com.huari.client.MusicListActivity
ADDED from src\main\AndroidManifest.xml:352:9-354:72
	android:theme
		ADDED from src\main\AndroidManifest.xml:354:13-69
	android:name
		ADDED from src\main\AndroidManifest.xml:353:13-46
activity#com.huari.client.HistoryDataActivity
ADDED from src\main\AndroidManifest.xml:355:9-357:72
	android:theme
		ADDED from src\main\AndroidManifest.xml:357:13-69
	android:name
		ADDED from src\main\AndroidManifest.xml:356:13-48
activity#com.huari.client.HistoryListActivity
ADDED from src\main\AndroidManifest.xml:358:9-360:72
	android:theme
		ADDED from src\main\AndroidManifest.xml:360:13-69
	android:name
		ADDED from src\main\AndroidManifest.xml:359:13-48
activity#com.huari.client.HistoryDFActivity
ADDED from src\main\AndroidManifest.xml:361:9-363:72
	android:theme
		ADDED from src\main\AndroidManifest.xml:363:13-69
	android:name
		ADDED from src\main\AndroidManifest.xml:362:13-46